[debug] [2020-12-15T12:20:19.107Z] ----------------------------------------------------------------------
[debug] [2020-12-15T12:20:19.111Z] Command:       C:\Program Files\nodejs\node.exe C:\Users\FARUK\AppData\Roaming\npm\node_modules\firebase-tools\lib\bin\firebase.js init hosting
[debug] [2020-12-15T12:20:19.112Z] CLI Version:   8.19.0
[debug] [2020-12-15T12:20:19.112Z] Platform:      win32
[debug] [2020-12-15T12:20:19.112Z] Node Version:  v14.15.0
[debug] [2020-12-15T12:20:19.114Z] Time:          Tue Dec 15 2020 15:20:19 GMT+0300 (GMT+03:00)
[debug] [2020-12-15T12:20:19.114Z] ----------------------------------------------------------------------
[debug] [2020-12-15T12:20:19.115Z] 
[debug] [2020-12-15T12:20:19.124Z] > command requires scopes: ["email","openid","https://www.googleapis.com/auth/cloudplatformprojects.readonly","https://www.googleapis.com/auth/firebase","https://www.googleapis.com/auth/cloud-platform"]
[debug] [2020-12-15T12:20:19.125Z] > authorizing via signed-in user
[info] 
     ######## #### ########  ######## ########     ###     ######  ########
     ##        ##  ##     ## ##       ##     ##  ##   ##  ##       ##
     ######    ##  ########  ######   ########  #########  ######  ######
     ##        ##  ##    ##  ##       ##     ## ##     ##       ## ##
     ##       #### ##     ## ######## ########  ##     ##  ######  ########

You're about to initialize a Firebase project in this directory:

  D:\CW\React\react_sharepost

[info] 
=== Project Setup
[info] 
[info] First, let's associate this project directory with a Firebase project.
[info] You can create multiple project aliases by running firebase use --add, 
[info] but for now we'll just set up a default project.
[info] 
[debug] [2020-12-15T12:21:16.577Z] >>> HTTP REQUEST GET https://firebase.googleapis.com/v1beta1/projects?pageSize=100  
 
[debug] [2020-12-15T12:21:17.072Z] <<< HTTP RESPONSE 200 {"content-type":"application/json; charset=UTF-8","vary":"X-Origin, Referer, Origin,Accept-Encoding","date":"Tue, 15 Dec 2020 12:21:16 GMT","server":"ESF","cache-control":"private","x-xss-protection":"0","x-frame-options":"SAMEORIGIN","x-content-type-options":"nosniff","alt-svc":"h3-29=\":443\"; ma=2592000,h3-T051=\":443\"; ma=2592000,h3-Q050=\":443\"; ma=2592000,h3-Q046=\":443\"; ma=2592000,h3-Q043=\":443\"; ma=2592000,quic=\":443\"; ma=2592000; v=\"46,43\"","accept-ranges":"none","transfer-encoding":"chunked"}
[info] i  Using project claruswayfirebasee2050 (claruswayFirebaseE2050) 
[info] 
=== Hosting Setup
[info] 
[info] Your public directory is the folder (relative to your project directory) that
[info] will contain Hosting assets to be uploaded with firebase deploy. If you
[info] have a build process for your assets, use your build's output directory.
[info] 
